<?xml version="1.0" encoding="UTF-8"?>
<!-- Generated by org.testng.reporters.JUnitReportReporter -->
<testsuite skipped="0" hostname="DESKTOP-J6HCANK" name="com.nopcommerce.demo.homePage.TestTopMenu" tests="1" failures="0" timestamp="17 Jun 2021 14:22:25 GMT" time="4.662" errors="0">
  <testcase name="selectMenuAndClick" time="4.662" classname="com.nopcommerce.demo.homePage.TestTopMenu"/>
</testsuite> <!-- com.nopcommerce.demo.homePage.TestTopMenu -->
