<?xml version="1.0" encoding="UTF-8"?>
<!-- Generated by org.testng.reporters.JUnitReportReporter -->
<testsuite skipped="0" hostname="DESKTOP-J6HCANK" name="com.nopcommerce.demo.computers.TestSuite" tests="2" failures="0" timestamp="17 Jun 2021 14:22:25 GMT" time="44.947" errors="0">
  <testcase name="verifyProductArrangeInAlphabeticalOrder" time="10.769" classname="com.nopcommerce.demo.computers.TestSuite"/>
  <testcase name="verifyProductAddedToShoppingCartSuccessFully" time="34.178" classname="com.nopcommerce.demo.computers.TestSuite"/>
</testsuite> <!-- com.nopcommerce.demo.computers.TestSuite -->
